2017-09-14 16:16:52 pid:26325 Workerman[workerman.php] start in DEBUG mode
2017-09-14 16:20:28 pid:26325 Workerman[workerman.php] Stopping ...
2017-09-14 16:20:28 pid:26325 Workerman[workerman.php] has been stopped
2017-09-14 16:20:30 pid:26343 Workerman[workerman.php] start in DEBUG mode
2017-09-14 16:23:21 pid:26343 Workerman[workerman.php] Stopping ...
2017-09-14 16:23:21 pid:26343 Workerman[workerman.php] has been stopped
2017-09-14 16:23:59 pid:26362 Workerman[workerman.php] start in DEBUG mode
2017-09-14 16:25:10 pid:26362 Workerman[workerman.php] Stopping ...
2017-09-14 16:25:10 pid:26362 Workerman[workerman.php] has been stopped
2017-09-14 16:25:44 pid:26373 Workerman[workerman.php] start in DEBUG mode
2017-09-14 16:27:27 pid:26373 Workerman[workerman.php] Stopping ...
2017-09-14 16:27:27 pid:26373 Workerman[workerman.php] has been stopped
2017-09-14 16:27:28 pid:26382 Workerman[workerman.php] start in DEBUG mode
2017-09-14 16:28:28 pid:26382 Workerman[workerman.php] Stopping ...
2017-09-14 16:28:28 pid:26382 Workerman[workerman.php] has been stopped
2017-09-14 16:28:30 pid:26387 Workerman[workerman.php] start in DEBUG mode
2017-09-14 17:10:25 pid:26387 Workerman[workerman.php] Stopping ...
2017-09-14 17:10:25 pid:26387 Workerman[workerman.php] has been stopped
2017-09-14 17:10:36 pid:26580 Workerman[workerman.php] start in DEBUG mode
2017-09-14 17:10:59 pid:26585 Workerman[test_timer_chat.php] start in DEBUG mode
2017-09-14 17:12:53 pid:26580 Workerman[workerman.php] Stopping ...
2017-09-14 17:12:53 pid:26580 Workerman[workerman.php] has been stopped
2017-09-14 17:12:56 pid:26585 Workerman[test_timer_chat.php] Stopping ...
2017-09-14 17:12:56 pid:26585 Workerman[test_timer_chat.php] has been stopped
2017-09-14 17:12:57 pid:26593 Workerman[test_timer_chat.php] start in DEBUG mode
2017-09-14 17:15:38 pid:26593 Workerman[test_timer_chat.php] Stopping ...
2017-09-14 17:15:38 pid:26593 Workerman[test_timer_chat.php] has been stopped
2017-09-14 17:16:09 pid:26613 Workerman[test_timer_chat.php] start in DEBUG mode
2017-09-18 11:08:44 pid:18076 Workerman[test_timer_chat.php] start in DEBUG mode
2017-09-18 11:08:47 pid:18076 Workerman[test_timer_chat.php] Stopping ...
2017-09-18 11:08:47 pid:18076 Workerman[test_timer_chat.php] has been stopped
2017-09-18 11:09:04 pid:18082 Workerman[test_timer_chat.php] start in DEBUG mode
2017-09-18 11:16:03 pid:18082 Workerman[test_timer_chat.php] Stopping ...
2017-09-18 11:16:03 pid:18082 Workerman[test_timer_chat.php] has been stopped
2017-09-18 11:16:18 pid:18225 Workerman[workerman.php] start in DEBUG mode
2017-09-18 11:16:43 pid:18225 Workerman[workerman.php] Stopping ...
2017-09-18 11:16:43 pid:18225 Workerman[workerman.php] has been stopped
2017-09-18 14:25:33 pid:19853 Workerman[test.php] start in DEBUG mode
2017-09-18 14:26:37 pid:19865 Workerman[test.php] start in DEBUG mode
2017-09-18 14:28:21 pid:19927 Workerman[test.php] start in DEBUG mode
2017-09-18 14:28:44 pid:19927 Workerman[test.php] Stopping ...
2017-09-18 14:28:44 pid:19927 Workerman[test.php] has been stopped
2017-09-18 14:29:04 pid:19939 Workerman[test_timer_chat.php] start in DEBUG mode
2017-09-18 14:38:31 pid:19939 Workerman[test_timer_chat.php] Stopping ...
2017-09-18 14:38:31 pid:19939 Workerman[test_timer_chat.php] has been stopped
2017-09-18 14:39:14 pid:20080 Workerman[test_timer_chat.php] start in DEBUG mode
2017-09-18 15:12:39 pid:20080 Workerman[test_timer_chat.php] Stopping ...
2017-09-18 15:12:39 pid:20080 Workerman[test_timer_chat.php] has been stopped
2017-09-18 15:14:02 pid:20345 Workerman[test_timer_chat.php] start in DEBUG mode
2017-09-18 15:14:20 pid:20346 Worker[20346] process terminated with ERROR: E_ERROR "Call to undefined function dump() in /home/wlz/laravel5.4/app/Server/test_timer_chat.php on line 33"
2017-09-18 15:14:20 pid:20345 worker[none:20346] exit with status 65280
2017-09-18 15:14:30 pid:20345 Workerman[test_timer_chat.php] Stopping ...
2017-09-18 15:14:30 pid:20345 Workerman[test_timer_chat.php] has been stopped
2017-09-18 15:14:43 pid:20351 Workerman[test_timer_chat.php] start in DEBUG mode
2017-09-18 15:16:21 pid:20351 Workerman[test_timer_chat.php] Stopping ...
2017-09-18 15:16:21 pid:20351 Workerman[test_timer_chat.php] has been stopped
